Resolving dependencies...
Downloading packages...
  _fe_analyzer_shared 91.0.0 (100.0.0 available)
  adaptive_dialog 1.10.1 (2.8.0 available)
  analyzer 8.4.1 (13.0.0 available)
  analyzer_buffer 0.1.11 (0.3.2 available)
  animations 2.1.1 (2.2.0 available)
  async 2.13.0 (2.13.1 available)
  build 4.0.3 (4.0.6 available)
  built_value 8.12.1 (8.12.6 available)
  characters 1.4.0 (1.4.1 available)
  cupertino_icons 1.0.8 (1.0.9 available)
  dart_style 3.1.3 (3.1.9 available)
  dio_web_adapter 2.1.1 (2.1.2 available)
  equatable 2.0.7 (2.0.8 available)
  ffi 2.1.4 (2.2.0 available)
  file_picker 6.2.1 (11.0.2 available)
  flutter_lints 2.0.3 (6.0.0 available)
  flutter_plugin_android_lifecycle 2.0.33 (2.0.34 available)
  flutter_riverpod 3.1.0 (3.3.1 available)
  json_annotation 4.9.0 (4.12.0 available)
  json_serializable 6.11.2 (6.14.0 available)
  lints 2.1.1 (6.1.0 available)
  macos_window_utils 1.9.0 (1.9.1 available)
  matcher 0.12.17 (0.12.20 available)
  material_color_utilities 0.11.1 (0.13.0 available)
  meta 1.17.0 (1.18.2 available)
  mockito 5.6.4 (5.7.0 available)
  permission_handler 10.4.5 (12.0.1 available)
  permission_handler_android 10.3.6 (13.0.1 available)
  permission_handler_apple 9.1.4 (9.4.7 available)
  permission_handler_platform_interface 3.12.0 (4.3.0 available)
  permission_handler_windows 0.1.3 (0.2.1 available)
  riverpod 3.1.0 (3.2.1 available)
  riverpod_analyzer_utils 1.0.0-dev.8 (1.0.0-dev.10 available)
  riverpod_annotation 4.0.0 (4.0.2 available)
  riverpod_generator 4.0.0+1 (4.0.3 available)
  shared_preferences_android 2.4.18 (2.4.23 available)
  shared_preferences_platform_interface 2.4.1 (2.4.2 available)
  source_gen 4.1.1 (4.2.3 available)
  source_helper 1.3.8 (1.3.12 available)
  source_span 1.10.1 (1.10.2 available)
  test 1.26.3 (1.31.1 available)
  test_api 0.7.7 (0.7.12 available)
  test_core 0.6.12 (0.6.18 available)
  url_launcher_android 6.3.28 (6.3.30 available)
  url_launcher_ios 6.3.6 (6.4.1 available)
  url_launcher_web 2.4.1 (2.4.3 available)
  vector_math 2.2.0 (2.3.0 available)
  vm_service 15.0.2 (15.2.0 available)
  watcher 1.1.4 (1.2.1 available)
  win32 5.15.0 (6.3.0 available)
Got dependencies!
50 packages have newer versions incompatible with dependency constraints.
Try `flutter pub outdated` for more information.
Package file_picker:linux references file_picker:linux as the default plugin, but it does not provide an inline implementation.
Ask the maintainers of file_picker to either avoid referencing a default implementation via `platforms: linux: default_package: file_picker` or add an inline implementation to file_picker via `platforms: linux:` `pluginClass` or `dartPluginClass`.

Package file_picker:macos references file_picker:macos as the default plugin, but it does not provide an inline implementation.
Ask the maintainers of file_picker to either avoid referencing a default implementation via `platforms: macos: default_package: file_picker` or add an inline implementation to file_picker via `platforms: macos:` `pluginClass` or `dartPluginClass`.

Package file_picker:windows references file_picker:windows as the default plugin, but it does not provide an inline implementation.
Ask the maintainers of file_picker to either avoid referencing a default implementation via `platforms: windows: default_package: file_picker` or add an inline implementation to file_picker via `platforms: windows:` `pluginClass` or `dartPluginClass`.

Package file_picker:linux references file_picker:linux as the default plugin, but it does not provide an inline implementation.
Ask the maintainers of file_picker to either avoid referencing a default implementation via `platforms: linux: default_package: file_picker` or add an inline implementation to file_picker via `platforms: linux:` `pluginClass` or `dartPluginClass`.

Package file_picker:macos references file_picker:macos as the default plugin, but it does not provide an inline implementation.
Ask the maintainers of file_picker to either avoid referencing a default implementation via `platforms: macos: default_package: file_picker` or add an inline implementation to file_picker via `platforms: macos:` `pluginClass` or `dartPluginClass`.

Package file_picker:windows references file_picker:windows as the default plugin, but it does not provide an inline implementation.
Ask the maintainers of file_picker to either avoid referencing a default implementation via `platforms: windows: default_package: file_picker` or add an inline implementation to file_picker via `platforms: windows:` `pluginClass` or `dartPluginClass`.

Package file_picker:linux references file_picker:linux as the default plugin, but it does not provide an inline implementation.
Ask the maintainers of file_picker to either avoid referencing a default implementation via `platforms: linux: default_package: file_picker` or add an inline implementation to file_picker via `platforms: linux:` `pluginClass` or `dartPluginClass`.

Package file_picker:macos references file_picker:macos as the default plugin, but it does not provide an inline implementation.
Ask the maintainers of file_picker to either avoid referencing a default implementation via `platforms: macos: default_package: file_picker` or add an inline implementation to file_picker via `platforms: macos:` `pluginClass` or `dartPluginClass`.

Package file_picker:windows references file_picker:windows as the default plugin, but it does not provide an inline implementation.
Ask the maintainers of file_picker to either avoid referencing a default implementation via `platforms: windows: default_package: file_picker` or add an inline implementation to file_picker via `platforms: windows:` `pluginClass` or `dartPluginClass`.

Package file_picker:linux references file_picker:linux as the default plugin, but it does not provide an inline implementation.
Ask the maintainers of file_picker to either avoid referencing a default implementation via `platforms: linux: default_package: file_picker` or add an inline implementation to file_picker via `platforms: linux:` `pluginClass` or `dartPluginClass`.

Package file_picker:macos references file_picker:macos as the default plugin, but it does not provide an inline implementation.
Ask the maintainers of file_picker to either avoid referencing a default implementation via `platforms: macos: default_package: file_picker` or add an inline implementation to file_picker via `platforms: macos:` `pluginClass` or `dartPluginClass`.

Package file_picker:windows references file_picker:windows as the default plugin, but it does not provide an inline implementation.
Ask the maintainers of file_picker to either avoid referencing a default implementation via `platforms: windows: default_package: file_picker` or add an inline implementation to file_picker via `platforms: windows:` `pluginClass` or `dartPluginClass`.

Launching lib/main.dart on Web Server in debug mode...
Waiting for connection from debug service on Web Server...      
Package file_picker:linux references file_picker:linux as the default plugin, but it does not provide an inline implementation.
Ask the maintainers of file_picker to either avoid referencing a default implementation via `platforms: linux: default_package: file_picker` or add an inline implementation to file_picker via `platforms: linux:` `pluginClass` or `dartPluginClass`.

Package file_picker:macos references file_picker:macos as the default plugin, but it does not provide an inline implementation.
Ask the maintainers of file_picker to either avoid referencing a default implementation via `platforms: macos: default_package: file_picker` or add an inline implementation to file_picker via `platforms: macos:` `pluginClass` or `dartPluginClass`.

Package file_picker:windows references file_picker:windows as the default plugin, but it does not provide an inline implementation.
Ask the maintainers of file_picker to either avoid referencing a default implementation via `platforms: windows: default_package: file_picker` or add an inline implementation to file_picker via `platforms: windows:` `pluginClass` or `dartPluginClass`.

Waiting for connection from debug service on Web Server...          7.7s
lib/main.dart is being served at http://127.0.0.1:8081
The web-server device requires the Dart Debug Chrome extension for debugging. Consider using the Chrome or Edge devices for an improved development workflow.

Flutter run key commands.
r Hot reload. 🔥🔥🔥
R Hot restart.
h List all available interactive commands.
d Detach (terminate "flutter run" but leave application running).
c Clear the screen
q Quit (terminate the application on the device).

Debug service listening on ws://127.0.0.1:44456/nX1v1K4dxhs=
A Dart VM Service on Web Server is available at: http://127.0.0.1:44456/nX1v1K4dxhs=
