/Users/shaiweiminglei/Library/Python/3.9/lib/python/site-packages/pydantic/_internal/_config.py:383: UserWarning: Valid config keys have changed in V2:
* 'orm_mode' has been renamed to 'from_attributes'
  warnings.warn(message, UserWarning)
/Users/shaiweiminglei/pre_system/pre_backend/main.py:33: DeprecationWarning: 
        on_event is deprecated, use lifespan event handlers instead.

        Read more about it in the
        [FastAPI docs for Lifespan Events](https://fastapi.tiangolo.com/advanced/events/).
        
  @app.on_event("startup")
INFO:     Will watch for changes in these directories: ['/Users/shaiweiminglei/pre_system/pre_backend']
INFO:     Uvicorn running on http://0.0.0.0:8000 (Press CTRL+C to quit)
INFO:     Started reloader process [49407] using StatReload
/Users/shaiweiminglei/Library/Python/3.9/lib/python/site-packages/pydantic/_internal/_config.py:383: UserWarning: Valid config keys have changed in V2:
* 'orm_mode' has been renamed to 'from_attributes'
  warnings.warn(message, UserWarning)
INFO:     Started server process [49410]
INFO:     Waiting for application startup.
{"timestamp": "2026-05-25T08:17:09.175152", "level": "INFO", "logger": "pre_system", "message": "✅ Application started - Database initialized", "module": "main", "function": "startup_event", "line": 36, "user_id": null, "request_id": null, "endpoint": null}
INFO:     Application startup complete.
INFO:     127.0.0.1:60902 - "GET /docs HTTP/1.1" 200 OK
/Users/shaiweiminglei/Library/Python/3.9/lib/python/site-packages/pydantic/_internal/_config.py:383: UserWarning: Valid config keys have changed in V2:
* 'orm_mode' has been renamed to 'from_attributes'
  warnings.warn(message, UserWarning)
/Users/shaiweiminglei/Library/Python/3.9/lib/python/site-packages/pydantic/_internal/_config.py:383: UserWarning: Valid config keys have changed in V2:
* 'orm_mode' has been renamed to 'from_attributes'
  warnings.warn(message, UserWarning)
/Users/shaiweiminglei/Library/Python/3.9/lib/python/site-packages/pydantic/_internal/_config.py:383: UserWarning: Valid config keys have changed in V2:
* 'orm_mode' has been renamed to 'from_attributes'
  warnings.warn(message, UserWarning)
/Users/shaiweiminglei/Library/Python/3.9/lib/python/site-packages/pydantic/_internal/_config.py:383: UserWarning: Valid config keys have changed in V2:
* 'orm_mode' has been renamed to 'from_attributes'
  warnings.warn(message, UserWarning)
/Users/shaiweiminglei/Library/Python/3.9/lib/python/site-packages/pydantic/_internal/_config.py:383: UserWarning: Valid config keys have changed in V2:
* 'orm_mode' has been renamed to 'from_attributes'
  warnings.warn(message, UserWarning)
/Users/shaiweiminglei/Library/Python/3.9/lib/python/site-packages/pydantic/_internal/_config.py:383: UserWarning: Valid config keys have changed in V2:
* 'orm_mode' has been renamed to 'from_attributes'
  warnings.warn(message, UserWarning)
/Users/shaiweiminglei/Library/Python/3.9/lib/python/site-packages/pydantic/_internal/_config.py:383: UserWarning: Valid config keys have changed in V2:
* 'orm_mode' has been renamed to 'from_attributes'
  warnings.warn(message, UserWarning)
/Users/shaiweiminglei/Library/Python/3.9/lib/python/site-packages/pydantic/_internal/_config.py:383: UserWarning: Valid config keys have changed in V2:
* 'orm_mode' has been renamed to 'from_attributes'
  warnings.warn(message, UserWarning)
/Users/shaiweiminglei/Library/Python/3.9/lib/python/site-packages/pydantic/_internal/_config.py:383: UserWarning: Valid config keys have changed in V2:
* 'orm_mode' has been renamed to 'from_attributes'
  warnings.warn(message, UserWarning)
/Users/shaiweiminglei/Library/Python/3.9/lib/python/site-packages/pydantic/_internal/_config.py:383: UserWarning: Valid config keys have changed in V2:
* 'orm_mode' has been renamed to 'from_attributes'
  warnings.warn(message, UserWarning)
/Users/shaiweiminglei/Library/Python/3.9/lib/python/site-packages/pydantic/_internal/_config.py:383: UserWarning: Valid config keys have changed in V2:
* 'orm_mode' has been renamed to 'from_attributes'
  warnings.warn(message, UserWarning)
/Users/shaiweiminglei/Library/Python/3.9/lib/python/site-packages/pydantic/_internal/_config.py:383: UserWarning: Valid config keys have changed in V2:
* 'orm_mode' has been renamed to 'from_attributes'
  warnings.warn(message, UserWarning)
/Users/shaiweiminglei/Library/Python/3.9/lib/python/site-packages/pydantic/_internal/_config.py:383: UserWarning: Valid config keys have changed in V2:
* 'orm_mode' has been renamed to 'from_attributes'
  warnings.warn(message, UserWarning)
/Users/shaiweiminglei/Library/Python/3.9/lib/python/site-packages/pydantic/_internal/_config.py:383: UserWarning: Valid config keys have changed in V2:
* 'orm_mode' has been renamed to 'from_attributes'
  warnings.warn(message, UserWarning)
INFO:     127.0.0.1:60902 - "GET /openapi.json HTTP/1.1" 200 OK
WARNING:  StatReload detected changes in 'schemas/task_schema.py'. Reloading...
INFO:     Shutting down
INFO:     Waiting for application shutdown.
INFO:     Application shutdown complete.
INFO:     Finished server process [49410]
/Users/shaiweiminglei/Library/Python/3.9/lib/python/site-packages/pydantic/_internal/_config.py:383: UserWarning: Valid config keys have changed in V2:
* 'orm_mode' has been renamed to 'from_attributes'
  warnings.warn(message, UserWarning)
INFO:     Started server process [49800]
INFO:     Waiting for application startup.
{"timestamp": "2026-05-25T08:22:47.458651", "level": "INFO", "logger": "pre_system", "message": "✅ Application started - Database initialized", "module": "main", "function": "startup_event", "line": 36, "user_id": null, "request_id": null, "endpoint": null}
INFO:     Application startup complete.
WARNING:  StatReload detected changes in 'schemas/task_schema.py'. Reloading...
INFO:     Shutting down
INFO:     Waiting for application shutdown.
INFO:     Application shutdown complete.
INFO:     Finished server process [49800]
/Users/shaiweiminglei/Library/Python/3.9/lib/python/site-packages/pydantic/_internal/_config.py:383: UserWarning: Valid config keys have changed in V2:
* 'orm_mode' has been renamed to 'from_attributes'
  warnings.warn(message, UserWarning)
INFO:     Started server process [49805]
INFO:     Waiting for application startup.
{"timestamp": "2026-05-25T08:22:50.959451", "level": "INFO", "logger": "pre_system", "message": "✅ Application started - Database initialized", "module": "main", "function": "startup_event", "line": 36, "user_id": null, "request_id": null, "endpoint": null}
INFO:     Application startup complete.
WARNING:  StatReload detected changes in 'api/task_api.py'. Reloading...
INFO:     Shutting down
INFO:     Waiting for application shutdown.
INFO:     Application shutdown complete.
INFO:     Finished server process [49805]
/Users/shaiweiminglei/Library/Python/3.9/lib/python/site-packages/pydantic/_internal/_config.py:383: UserWarning: Valid config keys have changed in V2:
* 'orm_mode' has been renamed to 'from_attributes'
  warnings.warn(message, UserWarning)
INFO:     Started server process [49822]
INFO:     Waiting for application startup.
{"timestamp": "2026-05-25T08:23:05.912545", "level": "INFO", "logger": "pre_system", "message": "✅ Application started - Database initialized", "module": "main", "function": "startup_event", "line": 36, "user_id": null, "request_id": null, "endpoint": null}
INFO:     Application startup complete.
WARNING:  StatReload detected changes in 'api/task_api.py'. Reloading...
INFO:     Shutting down
INFO:     Waiting for application shutdown.
INFO:     Application shutdown complete.
INFO:     Finished server process [49822]
/Users/shaiweiminglei/Library/Python/3.9/lib/python/site-packages/pydantic/_internal/_config.py:383: UserWarning: Valid config keys have changed in V2:
* 'orm_mode' has been renamed to 'from_attributes'
  warnings.warn(message, UserWarning)
INFO:     Started server process [49826]
INFO:     Waiting for application startup.
{"timestamp": "2026-05-25T08:23:09.755200", "level": "INFO", "logger": "pre_system", "message": "✅ Application started - Database initialized", "module": "main", "function": "startup_event", "line": 36, "user_id": null, "request_id": null, "endpoint": null}
INFO:     Application startup complete.
WARNING:  StatReload detected changes in 'api/task_api.py'. Reloading...
INFO:     Shutting down
INFO:     Waiting for application shutdown.
INFO:     Application shutdown complete.
INFO:     Finished server process [49826]
/Users/shaiweiminglei/Library/Python/3.9/lib/python/site-packages/pydantic/_internal/_config.py:383: UserWarning: Valid config keys have changed in V2:
* 'orm_mode' has been renamed to 'from_attributes'
  warnings.warn(message, UserWarning)
INFO:     Started server process [49845]
INFO:     Waiting for application startup.
{"timestamp": "2026-05-25T08:23:15.892987", "level": "INFO", "logger": "pre_system", "message": "✅ Application started - Database initialized", "module": "main", "function": "startup_event", "line": 36, "user_id": null, "request_id": null, "endpoint": null}
INFO:     Application startup complete.
WARNING:  StatReload detected changes in 'api/task_api.py'. Reloading...
INFO:     Shutting down
INFO:     Waiting for application shutdown.
INFO:     Application shutdown complete.
INFO:     Finished server process [49845]
/Users/shaiweiminglei/Library/Python/3.9/lib/python/site-packages/pydantic/_internal/_config.py:383: UserWarning: Valid config keys have changed in V2:
* 'orm_mode' has been renamed to 'from_attributes'
  warnings.warn(message, UserWarning)
INFO:     Started server process [49897]
INFO:     Waiting for application startup.
{"timestamp": "2026-05-25T08:23:31.394726", "level": "INFO", "logger": "pre_system", "message": "✅ Application started - Database initialized", "module": "main", "function": "startup_event", "line": 36, "user_id": null, "request_id": null, "endpoint": null}
INFO:     Application startup complete.
WARNING:  StatReload detected changes in 'api/task_api.py'. Reloading...
INFO:     Shutting down
INFO:     Waiting for application shutdown.
INFO:     Application shutdown complete.
INFO:     Finished server process [49897]
/Users/shaiweiminglei/Library/Python/3.9/lib/python/site-packages/pydantic/_internal/_config.py:383: UserWarning: Valid config keys have changed in V2:
* 'orm_mode' has been renamed to 'from_attributes'
  warnings.warn(message, UserWarning)
INFO:     Started server process [49963]
INFO:     Waiting for application startup.
{"timestamp": "2026-05-25T08:23:40.248369", "level": "INFO", "logger": "pre_system", "message": "✅ Application started - Database initialized", "module": "main", "function": "startup_event", "line": 36, "user_id": null, "request_id": null, "endpoint": null}
INFO:     Application startup complete.
WARNING:  StatReload detected changes in 'api/task_api.py'. Reloading...
INFO:     Shutting down
INFO:     Waiting for application shutdown.
INFO:     Application shutdown complete.
INFO:     Finished server process [49963]
/Users/shaiweiminglei/Library/Python/3.9/lib/python/site-packages/pydantic/_internal/_config.py:383: UserWarning: Valid config keys have changed in V2:
* 'orm_mode' has been renamed to 'from_attributes'
  warnings.warn(message, UserWarning)
INFO:     Started server process [50129]
INFO:     Waiting for application startup.
{"timestamp": "2026-05-25T08:25:10.610941", "level": "INFO", "logger": "pre_system", "message": "✅ Application started - Database initialized", "module": "main", "function": "startup_event", "line": 36, "user_id": null, "request_id": null, "endpoint": null}
INFO:     Application startup complete.
WARNING:  StatReload detected changes in 'api/task_api.py'. Reloading...
INFO:     Shutting down
INFO:     Waiting for application shutdown.
INFO:     Application shutdown complete.
INFO:     Finished server process [50129]
/Users/shaiweiminglei/Library/Python/3.9/lib/python/site-packages/pydantic/_internal/_config.py:383: UserWarning: Valid config keys have changed in V2:
* 'orm_mode' has been renamed to 'from_attributes'
  warnings.warn(message, UserWarning)
INFO:     Started server process [50146]
INFO:     Waiting for application startup.
{"timestamp": "2026-05-25T08:25:20.808536", "level": "INFO", "logger": "pre_system", "message": "✅ Application started - Database initialized", "module": "main", "function": "startup_event", "line": 36, "user_id": null, "request_id": null, "endpoint": null}
INFO:     Application startup complete.
WARNING:  StatReload detected changes in 'api/task_api.py'. Reloading...
INFO:     Shutting down
INFO:     Waiting for application shutdown.
INFO:     Application shutdown complete.
INFO:     Finished server process [50146]
/Users/shaiweiminglei/Library/Python/3.9/lib/python/site-packages/pydantic/_internal/_config.py:383: UserWarning: Valid config keys have changed in V2:
* 'orm_mode' has been renamed to 'from_attributes'
  warnings.warn(message, UserWarning)
INFO:     Started server process [50169]
INFO:     Waiting for application startup.
{"timestamp": "2026-05-25T08:25:49.147315", "level": "INFO", "logger": "pre_system", "message": "✅ Application started - Database initialized", "module": "main", "function": "startup_event", "line": 36, "user_id": null, "request_id": null, "endpoint": null}
INFO:     Application startup complete.
WARNING:  StatReload detected changes in 'api/task_api.py'. Reloading...
INFO:     Shutting down
INFO:     Waiting for application shutdown.
INFO:     Application shutdown complete.
INFO:     Finished server process [50169]
/Users/shaiweiminglei/Library/Python/3.9/lib/python/site-packages/pydantic/_internal/_config.py:383: UserWarning: Valid config keys have changed in V2:
* 'orm_mode' has been renamed to 'from_attributes'
  warnings.warn(message, UserWarning)
INFO:     Started server process [50179]
INFO:     Waiting for application startup.
{"timestamp": "2026-05-25T08:25:56.068031", "level": "INFO", "logger": "pre_system", "message": "✅ Application started - Database initialized", "module": "main", "function": "startup_event", "line": 36, "user_id": null, "request_id": null, "endpoint": null}
INFO:     Application startup complete.
WARNING:  StatReload detected changes in 'api/task_api.py'. Reloading...
INFO:     Shutting down
INFO:     Waiting for application shutdown.
INFO:     Application shutdown complete.
INFO:     Finished server process [50179]
/Users/shaiweiminglei/Library/Python/3.9/lib/python/site-packages/pydantic/_internal/_config.py:383: UserWarning: Valid config keys have changed in V2:
* 'orm_mode' has been renamed to 'from_attributes'
  warnings.warn(message, UserWarning)
INFO:     Started server process [50186]
INFO:     Waiting for application startup.
{"timestamp": "2026-05-25T08:25:59.287940", "level": "INFO", "logger": "pre_system", "message": "✅ Application started - Database initialized", "module": "main", "function": "startup_event", "line": 36, "user_id": null, "request_id": null, "endpoint": null}
INFO:     Application startup complete.
WARNING:  StatReload detected changes in 'api/task_api.py'. Reloading...
INFO:     Shutting down
INFO:     Waiting for application shutdown.
INFO:     Application shutdown complete.
INFO:     Finished server process [50186]
Traceback (most recent call last):
  File "<string>", line 1, in <module>
  File "/Applications/Xcode.app/Contents/Developer/Library/Frameworks/Python3.framework/Versions/3.9/lib/python3.9/multiprocessing/spawn.py", line 116, in spawn_main
    exitcode = _main(fd, parent_sentinel)
  File "/Applications/Xcode.app/Contents/Developer/Library/Frameworks/Python3.framework/Versions/3.9/lib/python3.9/multiprocessing/spawn.py", line 125, in _main
    prepare(preparation_data)
  File "/Applications/Xcode.app/Contents/Developer/Library/Frameworks/Python3.framework/Versions/3.9/lib/python3.9/multiprocessing/spawn.py", line 236, in prepare
    _fixup_main_from_path(data['init_main_from_path'])
  File "/Applications/Xcode.app/Contents/Developer/Library/Frameworks/Python3.framework/Versions/3.9/lib/python3.9/multiprocessing/spawn.py", line 287, in _fixup_main_from_path
    main_content = runpy.run_path(main_path,
  File "/Applications/Xcode.app/Contents/Developer/Library/Frameworks/Python3.framework/Versions/3.9/lib/python3.9/runpy.py", line 268, in run_path
    return _run_module_code(code, init_globals, run_name,
  File "/Applications/Xcode.app/Contents/Developer/Library/Frameworks/Python3.framework/Versions/3.9/lib/python3.9/runpy.py", line 97, in _run_module_code
    _run_code(code, mod_globals, init_globals,
  File "/Applications/Xcode.app/Contents/Developer/Library/Frameworks/Python3.framework/Versions/3.9/lib/python3.9/runpy.py", line 87, in _run_code
    exec(code, run_globals)
  File "/Users/shaiweiminglei/pre_system/pre_backend/main.py", line 4, in <module>
    from api import register_routers
  File "/Users/shaiweiminglei/pre_system/pre_backend/api/__init__.py", line 7, in <module>
    from api.task_api import router as task_router
  File "/Users/shaiweiminglei/pre_system/pre_backend/api/task_api.py", line 580
    db: Session = Depends(get_db),
    ^
SyntaxError: non-default argument follows default argument
WARNING:  StatReload detected changes in 'api/task_api.py'. Reloading...
Traceback (most recent call last):
  File "<string>", line 1, in <module>
  File "/Applications/Xcode.app/Contents/Developer/Library/Frameworks/Python3.framework/Versions/3.9/lib/python3.9/multiprocessing/spawn.py", line 116, in spawn_main
    exitcode = _main(fd, parent_sentinel)
  File "/Applications/Xcode.app/Contents/Developer/Library/Frameworks/Python3.framework/Versions/3.9/lib/python3.9/multiprocessing/spawn.py", line 125, in _main
    prepare(preparation_data)
  File "/Applications/Xcode.app/Contents/Developer/Library/Frameworks/Python3.framework/Versions/3.9/lib/python3.9/multiprocessing/spawn.py", line 236, in prepare
    _fixup_main_from_path(data['init_main_from_path'])
  File "/Applications/Xcode.app/Contents/Developer/Library/Frameworks/Python3.framework/Versions/3.9/lib/python3.9/multiprocessing/spawn.py", line 287, in _fixup_main_from_path
    main_content = runpy.run_path(main_path,
  File "/Applications/Xcode.app/Contents/Developer/Library/Frameworks/Python3.framework/Versions/3.9/lib/python3.9/runpy.py", line 268, in run_path
    return _run_module_code(code, init_globals, run_name,
  File "/Applications/Xcode.app/Contents/Developer/Library/Frameworks/Python3.framework/Versions/3.9/lib/python3.9/runpy.py", line 97, in _run_module_code
    _run_code(code, mod_globals, init_globals,
  File "/Applications/Xcode.app/Contents/Developer/Library/Frameworks/Python3.framework/Versions/3.9/lib/python3.9/runpy.py", line 87, in _run_code
    exec(code, run_globals)
  File "/Users/shaiweiminglei/pre_system/pre_backend/main.py", line 4, in <module>
    from api import register_routers
  File "/Users/shaiweiminglei/pre_system/pre_backend/api/__init__.py", line 7, in <module>
    from api.task_api import router as task_router
  File "/Users/shaiweiminglei/pre_system/pre_backend/api/task_api.py", line 580
    db: Session = Depends(get_db),
    ^
SyntaxError: non-default argument follows default argument
WARNING:  StatReload detected changes in 'api/task_api.py'. Reloading...
Traceback (most recent call last):
  File "<string>", line 1, in <module>
  File "/Applications/Xcode.app/Contents/Developer/Library/Frameworks/Python3.framework/Versions/3.9/lib/python3.9/multiprocessing/spawn.py", line 116, in spawn_main
    exitcode = _main(fd, parent_sentinel)
  File "/Applications/Xcode.app/Contents/Developer/Library/Frameworks/Python3.framework/Versions/3.9/lib/python3.9/multiprocessing/spawn.py", line 125, in _main
    prepare(preparation_data)
  File "/Applications/Xcode.app/Contents/Developer/Library/Frameworks/Python3.framework/Versions/3.9/lib/python3.9/multiprocessing/spawn.py", line 236, in prepare
    _fixup_main_from_path(data['init_main_from_path'])
  File "/Applications/Xcode.app/Contents/Developer/Library/Frameworks/Python3.framework/Versions/3.9/lib/python3.9/multiprocessing/spawn.py", line 287, in _fixup_main_from_path
    main_content = runpy.run_path(main_path,
  File "/Applications/Xcode.app/Contents/Developer/Library/Frameworks/Python3.framework/Versions/3.9/lib/python3.9/runpy.py", line 268, in run_path
    return _run_module_code(code, init_globals, run_name,
  File "/Applications/Xcode.app/Contents/Developer/Library/Frameworks/Python3.framework/Versions/3.9/lib/python3.9/runpy.py", line 97, in _run_module_code
    _run_code(code, mod_globals, init_globals,
  File "/Applications/Xcode.app/Contents/Developer/Library/Frameworks/Python3.framework/Versions/3.9/lib/python3.9/runpy.py", line 87, in _run_code
    exec(code, run_globals)
  File "/Users/shaiweiminglei/pre_system/pre_backend/main.py", line 4, in <module>
    from api import register_routers
  File "/Users/shaiweiminglei/pre_system/pre_backend/api/__init__.py", line 7, in <module>
    from api.task_api import router as task_router
  File "/Users/shaiweiminglei/pre_system/pre_backend/api/task_api.py", line 580
    db: Session = Depends(get_db),
    ^
SyntaxError: non-default argument follows default argument
WARNING:  StatReload detected changes in 'schemas/task_comment_schema.py'. Reloading...
Traceback (most recent call last):
  File "<string>", line 1, in <module>
  File "/Applications/Xcode.app/Contents/Developer/Library/Frameworks/Python3.framework/Versions/3.9/lib/python3.9/multiprocessing/spawn.py", line 116, in spawn_main
    exitcode = _main(fd, parent_sentinel)
  File "/Applications/Xcode.app/Contents/Developer/Library/Frameworks/Python3.framework/Versions/3.9/lib/python3.9/multiprocessing/spawn.py", line 125, in _main
    prepare(preparation_data)
  File "/Applications/Xcode.app/Contents/Developer/Library/Frameworks/Python3.framework/Versions/3.9/lib/python3.9/multiprocessing/spawn.py", line 236, in prepare
    _fixup_main_from_path(data['init_main_from_path'])
  File "/Applications/Xcode.app/Contents/Developer/Library/Frameworks/Python3.framework/Versions/3.9/lib/python3.9/multiprocessing/spawn.py", line 287, in _fixup_main_from_path
    main_content = runpy.run_path(main_path,
  File "/Applications/Xcode.app/Contents/Developer/Library/Frameworks/Python3.framework/Versions/3.9/lib/python3.9/runpy.py", line 268, in run_path
    return _run_module_code(code, init_globals, run_name,
  File "/Applications/Xcode.app/Contents/Developer/Library/Frameworks/Python3.framework/Versions/3.9/lib/python3.9/runpy.py", line 97, in _run_module_code
    _run_code(code, mod_globals, init_globals,
  File "/Applications/Xcode.app/Contents/Developer/Library/Frameworks/Python3.framework/Versions/3.9/lib/python3.9/runpy.py", line 87, in _run_code
    exec(code, run_globals)
  File "/Users/shaiweiminglei/pre_system/pre_backend/main.py", line 4, in <module>
    from api import register_routers
  File "/Users/shaiweiminglei/pre_system/pre_backend/api/__init__.py", line 7, in <module>
    from api.task_api import router as task_router
  File "/Users/shaiweiminglei/pre_system/pre_backend/api/task_api.py", line 580
    db: Session = Depends(get_db),
    ^
SyntaxError: non-default argument follows default argument
WARNING:  StatReload detected changes in 'schemas/dashboard_schema.py'. Reloading...
Traceback (most recent call last):
  File "<string>", line 1, in <module>
  File "/Applications/Xcode.app/Contents/Developer/Library/Frameworks/Python3.framework/Versions/3.9/lib/python3.9/multiprocessing/spawn.py", line 116, in spawn_main
    exitcode = _main(fd, parent_sentinel)
  File "/Applications/Xcode.app/Contents/Developer/Library/Frameworks/Python3.framework/Versions/3.9/lib/python3.9/multiprocessing/spawn.py", line 125, in _main
    prepare(preparation_data)
  File "/Applications/Xcode.app/Contents/Developer/Library/Frameworks/Python3.framework/Versions/3.9/lib/python3.9/multiprocessing/spawn.py", line 236, in prepare
    _fixup_main_from_path(data['init_main_from_path'])
  File "/Applications/Xcode.app/Contents/Developer/Library/Frameworks/Python3.framework/Versions/3.9/lib/python3.9/multiprocessing/spawn.py", line 287, in _fixup_main_from_path
    main_content = runpy.run_path(main_path,
  File "/Applications/Xcode.app/Contents/Developer/Library/Frameworks/Python3.framework/Versions/3.9/lib/python3.9/runpy.py", line 268, in run_path
    return _run_module_code(code, init_globals, run_name,
  File "/Applications/Xcode.app/Contents/Developer/Library/Frameworks/Python3.framework/Versions/3.9/lib/python3.9/runpy.py", line 97, in _run_module_code
    _run_code(code, mod_globals, init_globals,
  File "/Applications/Xcode.app/Contents/Developer/Library/Frameworks/Python3.framework/Versions/3.9/lib/python3.9/runpy.py", line 87, in _run_code
    exec(code, run_globals)
  File "/Users/shaiweiminglei/pre_system/pre_backend/main.py", line 4, in <module>
    from api import register_routers
  File "/Users/shaiweiminglei/pre_system/pre_backend/api/__init__.py", line 7, in <module>
    from api.task_api import router as task_router
  File "/Users/shaiweiminglei/pre_system/pre_backend/api/task_api.py", line 580
    db: Session = Depends(get_db),
    ^
SyntaxError: non-default argument follows default argument
WARNING:  StatReload detected changes in 'schemas/notification_schema.py'. Reloading...
Traceback (most recent call last):
  File "<string>", line 1, in <module>
  File "/Applications/Xcode.app/Contents/Developer/Library/Frameworks/Python3.framework/Versions/3.9/lib/python3.9/multiprocessing/spawn.py", line 116, in spawn_main
    exitcode = _main(fd, parent_sentinel)
  File "/Applications/Xcode.app/Contents/Developer/Library/Frameworks/Python3.framework/Versions/3.9/lib/python3.9/multiprocessing/spawn.py", line 125, in _main
    prepare(preparation_data)
  File "/Applications/Xcode.app/Contents/Developer/Library/Frameworks/Python3.framework/Versions/3.9/lib/python3.9/multiprocessing/spawn.py", line 236, in prepare
    _fixup_main_from_path(data['init_main_from_path'])
  File "/Applications/Xcode.app/Contents/Developer/Library/Frameworks/Python3.framework/Versions/3.9/lib/python3.9/multiprocessing/spawn.py", line 287, in _fixup_main_from_path
    main_content = runpy.run_path(main_path,
  File "/Applications/Xcode.app/Contents/Developer/Library/Frameworks/Python3.framework/Versions/3.9/lib/python3.9/runpy.py", line 268, in run_path
    return _run_module_code(code, init_globals, run_name,
  File "/Applications/Xcode.app/Contents/Developer/Library/Frameworks/Python3.framework/Versions/3.9/lib/python3.9/runpy.py", line 97, in _run_module_code
    _run_code(code, mod_globals, init_globals,
  File "/Applications/Xcode.app/Contents/Developer/Library/Frameworks/Python3.framework/Versions/3.9/lib/python3.9/runpy.py", line 87, in _run_code
    exec(code, run_globals)
  File "/Users/shaiweiminglei/pre_system/pre_backend/main.py", line 4, in <module>
    from api import register_routers
  File "/Users/shaiweiminglei/pre_system/pre_backend/api/__init__.py", line 7, in <module>
    from api.task_api import router as task_router
  File "/Users/shaiweiminglei/pre_system/pre_backend/api/task_api.py", line 580
    db: Session = Depends(get_db),
    ^
SyntaxError: non-default argument follows default argument
